Logfile initialized
[INFO] logfile = /Users/alanleard/TiApps/CascadeChristmas/build.log
[DEBUG] /Library/Application Support/Titanium/mobilesdk/osx/1.8.0customtab/android/builder.py simulator CascadeXmas /Applications/android-sdk-mac_x86 /Users/alanleard/TiApps/CascadeChristmas com.cascadechristmas.app 8 WVGA854 
[INFO] Building CascadeXmas for Android ... one moment
[INFO] Titanium SDK version: 1.8.0 (10/12/11 16:13 3f75088)
[DEBUG] Waiting for device to be ready ...
[TRACE] adb devices returned 1 devices/emulators
[TRACE] adb devices returned 1 devices/emulators
[TRACE] adb devices returned 1 devices/emulators
[TRACE] adb devices returned 1 devices/emulators
[TRACE] adb devices returned 1 devices/emulators
[TRACE] adb devices returned 1 devices/emulators
[DEBUG] Device connected... (waited 25 seconds)
[DEBUG] waited 25.084270 seconds on emulator to get ready
[INFO] Waiting for the Android Emulator to become available
[TRACE] adb devices returned 1 devices/emulators
[DEBUG] Device connected... (waited 15 seconds)
[DEBUG] waited 15.069130 seconds on emulator to get ready
[INFO] Waiting for the Android Emulator to become available
[INFO] Installing application on device
[DEBUG] com.cascadechristmas.app installed? False
[INFO] Fastdev server running, deploying in Fastdev mode
[INFO] Copying project resources..
[TRACE] Generating Java Classes
[DEBUG] Processing Android resource drawables
[DEBUG] copying app icon: /Users/alanleard/TiApps/CascadeChristmas/build/android/bin/assets/Resources/appicon.png
[DEBUG] generating theme.xml
[DEBUG] found drawable-long-land-hdpi splash screen at /Users/alanleard/TiApps/CascadeChristmas/Resources/android/images/res-long-land-hdpi/default.png
[DEBUG] copying /Users/alanleard/TiApps/CascadeChristmas/Resources/android/images/res-long-land-hdpi/default.png splash screen to /Users/alanleard/TiApps/CascadeChristmas/build/android/res/drawable-long-land-hdpi/background.png
[DEBUG] found drawable-long-land-ldpi splash screen at /Users/alanleard/TiApps/CascadeChristmas/Resources/android/images/res-long-land-ldpi/default.png
[DEBUG] copying /Users/alanleard/TiApps/CascadeChristmas/Resources/android/images/res-long-land-ldpi/default.png splash screen to /Users/alanleard/TiApps/CascadeChristmas/build/android/res/drawable-long-land-ldpi/background.png
[DEBUG] found drawable-long-port-hdpi splash screen at /Users/alanleard/TiApps/CascadeChristmas/Resources/android/images/res-long-port-hdpi/default.png
[DEBUG] copying /Users/alanleard/TiApps/CascadeChristmas/Resources/android/images/res-long-port-hdpi/default.png splash screen to /Users/alanleard/TiApps/CascadeChristmas/build/android/res/drawable-long-port-hdpi/background.png
[DEBUG] found drawable-long-port-ldpi splash screen at /Users/alanleard/TiApps/CascadeChristmas/Resources/android/images/res-long-port-ldpi/default.png
[DEBUG] copying /Users/alanleard/TiApps/CascadeChristmas/Resources/android/images/res-long-port-ldpi/default.png splash screen to /Users/alanleard/TiApps/CascadeChristmas/build/android/res/drawable-long-port-ldpi/background.png
[DEBUG] found drawable-notlong-land-hdpi splash screen at /Users/alanleard/TiApps/CascadeChristmas/Resources/android/images/res-notlong-land-hdpi/default.png
[DEBUG] copying /Users/alanleard/TiApps/CascadeChristmas/Resources/android/images/res-notlong-land-hdpi/default.png splash screen to /Users/alanleard/TiApps/CascadeChristmas/build/android/res/drawable-notlong-land-hdpi/background.png
[DEBUG] found drawable-notlong-land-ldpi splash screen at /Users/alanleard/TiApps/CascadeChristmas/Resources/android/images/res-notlong-land-ldpi/default.png
[DEBUG] copying /Users/alanleard/TiApps/CascadeChristmas/Resources/android/images/res-notlong-land-ldpi/default.png splash screen to /Users/alanleard/TiApps/CascadeChristmas/build/android/res/drawable-notlong-land-ldpi/background.png
[DEBUG] found drawable-notlong-land-mdpi splash screen at /Users/alanleard/TiApps/CascadeChristmas/Resources/android/images/res-notlong-land-mdpi/default.png
[DEBUG] copying /Users/alanleard/TiApps/CascadeChristmas/Resources/android/images/res-notlong-land-mdpi/default.png splash screen to /Users/alanleard/TiApps/CascadeChristmas/build/android/res/drawable-notlong-land-mdpi/background.png
[DEBUG] found drawable-notlong-port-hdpi splash screen at /Users/alanleard/TiApps/CascadeChristmas/Resources/android/images/res-notlong-port-hdpi/default.png
[DEBUG] copying /Users/alanleard/TiApps/CascadeChristmas/Resources/android/images/res-notlong-port-hdpi/default.png splash screen to /Users/alanleard/TiApps/CascadeChristmas/build/android/res/drawable-notlong-port-hdpi/background.png
[DEBUG] found drawable-notlong-port-ldpi splash screen at /Users/alanleard/TiApps/CascadeChristmas/Resources/android/images/res-notlong-port-ldpi/default.png
[DEBUG] copying /Users/alanleard/TiApps/CascadeChristmas/Resources/android/images/res-notlong-port-ldpi/default.png splash screen to /Users/alanleard/TiApps/CascadeChristmas/build/android/res/drawable-notlong-port-ldpi/background.png
[DEBUG] found drawable-notlong-port-mdpi splash screen at /Users/alanleard/TiApps/CascadeChristmas/Resources/android/images/res-notlong-port-mdpi/default.png
[DEBUG] copying /Users/alanleard/TiApps/CascadeChristmas/Resources/android/images/res-notlong-port-mdpi/default.png splash screen to /Users/alanleard/TiApps/CascadeChristmas/build/android/res/drawable-notlong-port-mdpi/background.png
[DEBUG] found splash screen at /Users/alanleard/TiApps/CascadeChristmas/build/android/bin/assets/Resources/default.png
[TRACE] Writing out AndroidManifest.xml
[DEBUG] adding /Users/alanleard/TiApps/CascadeChristmas/build/android/gen/com/cascadechristmas/app/CascadexmasActivity.java to javac build list
[DEBUG] adding /Users/alanleard/TiApps/CascadeChristmas/build/android/gen/com/cascadechristmas/app/CascadexmasAppInfo.java to javac build list
[DEBUG] adding /Users/alanleard/TiApps/CascadeChristmas/build/android/gen/com/cascadechristmas/app/CascadexmasApplication.java to javac build list
[DEBUG] adding /Users/alanleard/TiApps/CascadeChristmas/build/android/gen/com/cascadechristmas/app/R.java to javac build list
[DEBUG] Building Java Sources: "/Users/alanleard/TiApps/CascadeChristmas/build/android/gen/com/cascadechristmas/app/CascadexmasActivity.java" "/Users/alanleard/TiApps/CascadeChristmas/build/android/gen/com/cascadechristmas/app/CascadexmasAppInfo.java" "/Users/alanleard/TiApps/CascadeChristmas/build/android/gen/com/cascadechristmas/app/CascadexmasApplication.java" "/Users/alanleard/TiApps/CascadeChristmas/build/android/gen/com/cascadechristmas/app/R.java"
[INFO] Waiting for SDCard to become available..
[INFO] Compiling Android Resources... This could take some time
[DEBUG] Android classes.dex built
[DEBUG] creating unsigned apk: /Users/alanleard/TiApps/CascadeChristmas/build/android/bin/app-unsigned.apk
[DEBUG] from resource zip => assets/Resources/games/countdown.js
[DEBUG] from resource zip => assets/Resources/games/draw.js
[DEBUG] from resource zip => assets/Resources/games/makeSnow.js
[DEBUG] from resource zip => assets/Resources/games/popup.js
[DEBUG] from resource zip => assets/Resources/games/santa.js
[DEBUG] from resource zip => assets/Resources/games/santaPic.js
[DEBUG] from resource zip => assets/Resources/games/touch.js
[DEBUG] from resource zip => assets/Resources/images/headshots/thumbnails/AmandaBowman.jpg
[DEBUG] from resource zip => assets/Resources/images/headshots/thumbnails/AmandaBowman@2x.jpg
[DEBUG] from resource zip => assets/Resources/images/headshots/thumbnails/AngelaBaumgardner.jpg
[DEBUG] from resource zip => assets/Resources/images/headshots/thumbnails/AngelaBaumgardner@2x.jpg
[DEBUG] from resource zip => assets/Resources/images/headshots/thumbnails/AnnaliseDank.jpg
[DEBUG] from resource zip => assets/Resources/images/headshots/thumbnails/AnnaliseDank@2x.jpg
[DEBUG] from resource zip => assets/Resources/images/headshots/thumbnails/BaileyFator.jpg
[DEBUG] from resource zip => assets/Resources/images/headshots/thumbnails/BaileyFator@2x.jpg
[DEBUG] from resource zip => assets/Resources/images/headshots/thumbnails/BryanStorm.jpg
[DEBUG] from resource zip => assets/Resources/images/headshots/thumbnails/BryanStorm@2x.jpg
[DEBUG] from resource zip => assets/Resources/images/headshots/thumbnails/CalHunter.jpg
[DEBUG] from resource zip => assets/Resources/images/headshots/thumbnails/CalHunter@2x.jpg
[DEBUG] from resource zip => assets/Resources/images/headshots/thumbnails/CamerynTyler.jpg
[DEBUG] from resource zip => assets/Resources/images/headshots/thumbnails/CamerynTyler@2x.jpg
[DEBUG] from resource zip => assets/Resources/images/headshots/thumbnails/GabrielleDank.jpg
[DEBUG] from resource zip => assets/Resources/images/headshots/thumbnails/GabrielleDank@2x.jpg
[DEBUG] from resource zip => assets/Resources/images/headshots/thumbnails/GracieFagan.jpg
[DEBUG] from resource zip => assets/Resources/images/headshots/thumbnails/GracieFagan@2x.jpg
[DEBUG] from resource zip => assets/Resources/images/headshots/thumbnails/JamieSevertson.jpg
[DEBUG] from resource zip => assets/Resources/images/headshots/thumbnails/JamieSevertson@2x.jpg
[DEBUG] from resource zip => assets/Resources/images/headshots/thumbnails/JanaLeard.jpg
[DEBUG] from resource zip => assets/Resources/images/headshots/thumbnails/JanaLeard@2x.jpg
[DEBUG] from resource zip => assets/Resources/images/headshots/thumbnails/JanelleReynolds.jpg
[DEBUG] from resource zip => assets/Resources/images/headshots/thumbnails/JanelleReynolds@2x.jpg
[DEBUG] from resource zip => assets/Resources/images/headshots/thumbnails/JenniferMarty.jpg
[DEBUG] from resource zip => assets/Resources/images/headshots/thumbnails/JenniferMarty@2x.jpg
[DEBUG] from resource zip => assets/Resources/images/headshots/thumbnails/JoeleeArons.jpg
[DEBUG] from resource zip => assets/Resources/images/headshots/thumbnails/JoeleeArons@2x.jpg
[DEBUG] from resource zip => assets/Resources/images/headshots/thumbnails/KaitlynBroadway.jpg
[DEBUG] from resource zip => assets/Resources/images/headshots/thumbnails/KaitlynBroadway@2x.jpg
[DEBUG] from resource zip => assets/Resources/images/headshots/thumbnails/KaitlynMurphy.jpg
[DEBUG] from resource zip => assets/Resources/images/headshots/thumbnails/KaitlynMurphy@2x.jpg
[DEBUG] from resource zip => assets/Resources/images/headshots/thumbnails/KamiRegan.jpg
[DEBUG] from resource zip => assets/Resources/images/headshots/thumbnails/KamiRegan@2x.jpg
[DEBUG] from resource zip => assets/Resources/images/headshots/thumbnails/KendraWieck.jpg
[DEBUG] from resource zip => assets/Resources/images/headshots/thumbnails/KendraWieck@2x.jpg
[DEBUG] from resource zip => assets/Resources/images/headshots/thumbnails/KennaFranks.jpg
[DEBUG] from resource zip => assets/Resources/images/headshots/thumbnails/KennaFranks@2x.jpg
[DEBUG] from resource zip => assets/Resources/images/headshots/thumbnails/KimAcuna.jpg
[DEBUG] from resource zip => assets/Resources/images/headshots/thumbnails/KimAcuna@2x.jpg
[DEBUG] from resource zip => assets/Resources/images/headshots/thumbnails/KristenLawrence.jpg
[DEBUG] from resource zip => assets/Resources/images/headshots/thumbnails/KristenLawrence@2x.jpg
[DEBUG] from resource zip => assets/Resources/images/headshots/thumbnails/KristiWebber.jpg
[DEBUG] from resource zip => assets/Resources/images/headshots/thumbnails/KristiWebber@2x.jpg
[DEBUG] from resource zip => assets/Resources/images/headshots/thumbnails/LindsayBaker.jpg
[DEBUG] from resource zip => assets/Resources/images/headshots/thumbnails/LindsayBaker@2x.jpg
[DEBUG] from resource zip => assets/Resources/images/headshots/thumbnails/MaddieSchuette.jpg
[DEBUG] from resource zip => assets/Resources/images/headshots/thumbnails/MaddieSchuette@2x.jpg
[DEBUG] from resource zip => assets/Resources/images/headshots/thumbnails/MadelynneWest.jpg
[DEBUG] from resource zip => assets/Resources/images/headshots/thumbnails/MadelynneWest@2x.jpg
[DEBUG] from resource zip => assets/Resources/images/headshots/thumbnails/MarkAmacker.jpg
[DEBUG] from resource zip => assets/Resources/images/headshots/thumbnails/MarkAmacker@2x.jpg
[DEBUG] from resource zip => assets/Resources/images/headshots/thumbnails/MatthewGoodman.jpg
[DEBUG] from resource zip => assets/Resources/images/headshots/thumbnails/MatthewGoodman@2x.jpg
[DEBUG] from resource zip => assets/Resources/images/headshots/thumbnails/MeghanCumming.jpg
[DEBUG] from resource zip => assets/Resources/images/headshots/thumbnails/MeghanCumming@2x.jpg
[DEBUG] from resource zip => assets/Resources/images/headshots/thumbnails/MichelleMarks.jpg
[DEBUG] from resource zip => assets/Resources/images/headshots/thumbnails/MichelleMarks@2x.jpg
[DEBUG] from resource zip => assets/Resources/images/headshots/thumbnails/NatalieBaker.jpg
[DEBUG] from resource zip => assets/Resources/images/headshots/thumbnails/NatalieBaker@2x.jpg
[DEBUG] from resource zip => assets/Resources/images/headshots/thumbnails/NathanSaunders.jpg
[DEBUG] from resource zip => assets/Resources/images/headshots/thumbnails/NathanSaunders@2x.jpg
[DEBUG] from resource zip => assets/Resources/images/headshots/thumbnails/OliviaRamsour.jpg
[DEBUG] from resource zip => assets/Resources/images/headshots/thumbnails/OliviaRamsour@2x.jpg
[DEBUG] from resource zip => assets/Resources/images/headshots/thumbnails/RobertMilhouseII.jpg
[DEBUG] from resource zip => assets/Resources/images/headshots/thumbnails/RobertMilhouseII@2x.jpg
[DEBUG] from resource zip => assets/Resources/images/headshots/thumbnails/SamanthaBurke.jpg
[DEBUG] from resource zip => assets/Resources/images/headshots/thumbnails/SamanthaBurke@2x.jpg
[DEBUG] from resource zip => assets/Resources/images/headshots/thumbnails/SpencerMacDowell.jpg
[DEBUG] from resource zip => assets/Resources/images/headshots/thumbnails/SpencerMacDowell@2x.jpg
[DEBUG] from resource zip => assets/Resources/images/headshots/thumbnails/StephanieFoos.jpg
[DEBUG] from resource zip => assets/Resources/images/headshots/thumbnails/StephanieFoos@2x.jpg
[DEBUG] from resource zip => assets/Resources/images/headshots/thumbnails/VictoriaGraham.jpg
[DEBUG] from resource zip => assets/Resources/images/headshots/thumbnails/VictoriaGraham@2x.jpg
[DEBUG] from resource zip => assets/Resources/images/headshots/AmandaBowman.jpg
[DEBUG] from resource zip => assets/Resources/images/headshots/AngelaBaumgardner.jpg
[DEBUG] from resource zip => assets/Resources/images/headshots/AnnaliseDank.jpg
[DEBUG] from resource zip => assets/Resources/images/headshots/BaileyFator.jpg
[DEBUG] from resource zip => assets/Resources/images/headshots/BryanStorm.jpg
[DEBUG] from resource zip => assets/Resources/images/headshots/CalHunter.jpg
[DEBUG] from resource zip => assets/Resources/images/headshots/CamerynTyler.jpg
[DEBUG] from resource zip => assets/Resources/images/headshots/GabrielleDank.jpg
[DEBUG] from resource zip => assets/Resources/images/headshots/GracieFagan.jpg
[DEBUG] from resource zip => assets/Resources/images/headshots/JamieSevertson.jpg
[DEBUG] from resource zip => assets/Resources/images/headshots/JanelleReynolds.jpg
[DEBUG] from resource zip => assets/Resources/images/headshots/JenniferMarty.jpg
[DEBUG] from resource zip => assets/Resources/images/headshots/JoeleeArons.jpg
[DEBUG] from resource zip => assets/Resources/images/headshots/KaitlynBroadway.jpg
[DEBUG] from resource zip => assets/Resources/images/headshots/KaitlynMurphy.jpg
[DEBUG] from resource zip => assets/Resources/images/headshots/KamiRegan.jpg
[DEBUG] from resource zip => assets/Resources/images/headshots/KendraWieck.jpg
[DEBUG] from resource zip => assets/Resources/images/headshots/KennaFranks.jpg
[DEBUG] from resource zip => assets/Resources/images/headshots/KimAcuna.jpg
[DEBUG] from resource zip => assets/Resources/images/headshots/KristenLawrence.jpg
[DEBUG] from resource zip => assets/Resources/images/headshots/KristiWebber.jpg
[DEBUG] from resource zip => assets/Resources/images/headshots/LindsayBaker.jpg
[DEBUG] from resource zip => assets/Resources/images/headshots/MaddieSchuette.jpg
[DEBUG] from resource zip => assets/Resources/images/headshots/MadelynneWest.jpg
[DEBUG] from resource zip => assets/Resources/images/headshots/MarkAmacker.jpg
[DEBUG] from resource zip => assets/Resources/images/headshots/MatthewGoodman.jpg
[DEBUG] from resource zip => assets/Resources/images/headshots/MeghanCumming.jpg
[DEBUG] from resource zip => assets/Resources/images/headshots/MichelleMarks.jpg
[DEBUG] from resource zip => assets/Resources/images/headshots/NatalieBaker.jpg
[DEBUG] from resource zip => assets/Resources/images/headshots/NathanSaunders.jpg
[DEBUG] from resource zip => assets/Resources/images/headshots/OliviaRamsour.jpg
[DEBUG] from resource zip => assets/Resources/images/headshots/RobertMilhouseII.jpg
[DEBUG] from resource zip => assets/Resources/images/headshots/SamanthaBurke.jpg
[DEBUG] from resource zip => assets/Resources/images/headshots/SpencerMacDowell.jpg
[DEBUG] from resource zip => assets/Resources/images/headshots/StephanieFoos.jpg
[DEBUG] from resource zip => assets/Resources/images/headshots/VictoriaGraham.jpg
[DEBUG] from resource zip => assets/Resources/images/sponsors/1.jpg
[DEBUG] from resource zip => assets/Resources/images/sponsors/10.jpg
[DEBUG] from resource zip => assets/Resources/images/sponsors/2.jpg
[DEBUG] from resource zip => assets/Resources/images/sponsors/3.jpg
[DEBUG] from resource zip => assets/Resources/images/sponsors/4.jpg
[DEBUG] from resource zip => assets/Resources/images/sponsors/5.jpg
[DEBUG] from resource zip => assets/Resources/images/sponsors/6.jpg
[DEBUG] from resource zip => assets/Resources/images/sponsors/7.jpg
[DEBUG] from resource zip => assets/Resources/images/sponsors/8.jpg
[DEBUG] from resource zip => assets/Resources/images/sponsors/9.jpg
[DEBUG] from resource zip => assets/Resources/images/appstore.png
[DEBUG] from resource zip => assets/Resources/images/appstore@2x.png
[DEBUG] from resource zip => assets/Resources/images/call.png
[DEBUG] from resource zip => assets/Resources/images/call@2x.png
[DEBUG] from resource zip => assets/Resources/images/capp@2x.png
[DEBUG] from resource zip => assets/Resources/images/christmas1.jpg
[DEBUG] from resource zip => assets/Resources/images/christmas1@2x.jpg
[DEBUG] from resource zip => assets/Resources/images/christmas2.jpg
[DEBUG] from resource zip => assets/Resources/images/christmas2@2x.jpg
[DEBUG] from resource zip => assets/Resources/images/christmas3.jpg
[DEBUG] from resource zip => assets/Resources/images/christmas3@2x.jpg
[DEBUG] from resource zip => assets/Resources/images/christmas4.jpg
[DEBUG] from resource zip => assets/Resources/images/christmas4@2x.jpg
[DEBUG] from resource zip => assets/Resources/images/curtain-main.png
[DEBUG] from resource zip => assets/Resources/images/curtain-top.png
[DEBUG] from resource zip => assets/Resources/images/fb.png
[DEBUG] from resource zip => assets/Resources/images/fb@2x.png
[DEBUG] from resource zip => assets/Resources/images/gMan.png
[DEBUG] from resource zip => assets/Resources/images/gMan@2x.png
[DEBUG] from resource zip => assets/Resources/images/gManBlk.png
[DEBUG] from resource zip => assets/Resources/images/gManBlk@2x.png
[DEBUG] from resource zip => assets/Resources/images/gManLrg.png
[DEBUG] from resource zip => assets/Resources/images/header.png
[DEBUG] from resource zip => assets/Resources/images/header@2x.png
[DEBUG] from resource zip => assets/Resources/images/jana.jpg
[DEBUG] from resource zip => assets/Resources/images/jana@2x.jpg
[DEBUG] from resource zip => assets/Resources/images/map.png
[DEBUG] from resource zip => assets/Resources/images/map@2x.png
[DEBUG] from resource zip => assets/Resources/images/safari.png
[DEBUG] from resource zip => assets/Resources/images/safari@2x.png
[DEBUG] from resource zip => assets/Resources/images/santa.png
[DEBUG] from resource zip => assets/Resources/images/santa@2x.png
[DEBUG] from resource zip => assets/Resources/images/santaBig.png
[DEBUG] from resource zip => assets/Resources/images/santahat.png
[DEBUG] from resource zip => assets/Resources/images/santahat@2x.png
[DEBUG] from resource zip => assets/Resources/images/sign.png
[DEBUG] from resource zip => assets/Resources/images/sign@2x.png
[DEBUG] from resource zip => assets/Resources/images/snowflake.png
[DEBUG] from resource zip => assets/Resources/images/snowflake@2x.png
[DEBUG] from resource zip => assets/Resources/KS_nav_ui.png
[DEBUG] from resource zip => assets/Resources/KS_nav_ui@2x.png
[DEBUG] from resource zip => assets/Resources/KS_nav_views.png
[DEBUG] from resource zip => assets/Resources/KS_nav_views@2x.png
[DEBUG] from resource zip => assets/Resources/app.js
[DEBUG] from resource zip => assets/Resources/appicon.png
[DEBUG] from resource zip => assets/Resources/chat.png
[DEBUG] from resource zip => assets/Resources/chat@2x.png
[DEBUG] from resource zip => assets/Resources/default.png
[DEBUG] from resource zip => assets/Resources/fblogin.js
[DEBUG] from resource zip => assets/Resources/game.png
[DEBUG] from resource zip => assets/Resources/game@2x.png
[DEBUG] from resource zip => assets/Resources/iTunesArtwork
[DEBUG] from resource zip => assets/Resources/sponsor.png
[DEBUG] from resource zip => assets/Resources/sponsor@2x.png
[DEBUG] from resource zip => assets/Resources/utils.js
[DEBUG] from resource zip => assets/Resources/win1.js
[DEBUG] from resource zip => assets/Resources/win2.js
[DEBUG] from resource zip => assets/Resources/win3.js
[DEBUG] from resource zip => assets/Resources/win4.js
[DEBUG] from resource zip => assets/Resources/win5.js
[DEBUG] from resource zip => assets/tiapp.xml
[DEBUG] from resource zip => res/drawable/appicon.png
[DEBUG] from resource zip => res/drawable/background.png
[DEBUG] from resource zip => res/drawable/facebook_icon.png
[DEBUG] from resource zip => res/drawable/facebook_login.png
[DEBUG] from resource zip => res/drawable/facebook_login_down.png
[DEBUG] from resource zip => res/drawable/facebook_login_wide.png
[DEBUG] from resource zip => res/drawable/facebook_login_wide_down.png
[DEBUG] from resource zip => res/drawable/facebook_logout.png
[DEBUG] from resource zip => res/drawable/facebook_logout_down.png
[DEBUG] from resource zip => res/layout/titanium_tabgroup.xml
[DEBUG] from resource zip => AndroidManifest.xml
[DEBUG] from resource zip => resources.arsc
[DEBUG] from resource zip => res/drawable-hdpi/facebook_icon.png
[DEBUG] from resource zip => res/drawable-ldpi/facebook_icon.png
[DEBUG] from resource zip => res/drawable-long-land-hdpi/background.png
[DEBUG] from resource zip => res/drawable-long-land-ldpi/background.png
[DEBUG] from resource zip => res/drawable-long-port-hdpi/background.png
[DEBUG] from resource zip => res/drawable-long-port-ldpi/background.png
[DEBUG] from resource zip => res/drawable-notlong-land-hdpi/background.png
[DEBUG] from resource zip => res/drawable-notlong-land-ldpi/background.png
[DEBUG] from resource zip => res/drawable-notlong-land-mdpi/background.png
[DEBUG] from resource zip => res/drawable-notlong-port-hdpi/background.png
[DEBUG] from resource zip => res/drawable-notlong-port-ldpi/background.png
[DEBUG] from resource zip => res/drawable-notlong-port-mdpi/background.png
[DEBUG] from JAR /Library/Application Support/Titanium/mobilesdk/osx/1.8.0customtab/android/modules/titanium-yahoo.jar => ti/modules/titanium/yahoo/yahoo.js
[DEBUG] from JAR /Library/Application Support/Titanium/mobilesdk/osx/1.8.0customtab/android/smalljs.jar => org/mozilla/javascript/resources/Messages.properties
[DEBUG] from JAR /Library/Application Support/Titanium/mobilesdk/osx/1.8.0customtab/android/smalljs.jar => org/mozilla/javascript/resources/Messages_fr.properties
[DEBUG] from JAR /Library/Application Support/Titanium/mobilesdk/osx/1.8.0customtab/android/modules/titanium-ui.jar => ti/modules/titanium/ui/widget/webview/binding.js
[DEBUG] from JAR /Library/Application Support/Titanium/mobilesdk/osx/1.8.0customtab/android/modules/titanium-ui.jar => ti/modules/titanium/ui/widget/webview/binding.min.js
[DEBUG] from JAR /Library/Application Support/Titanium/mobilesdk/osx/1.8.0customtab/android/modules/titanium-ui.jar => ti/modules/titanium/ui/widget/webview/json2.js
[DEBUG] from JAR /Library/Application Support/Titanium/mobilesdk/osx/1.8.0customtab/android/modules/titanium-facebook.jar => ti/modules/titanium/facebook/LICENSE
[DEBUG] from JAR /Library/Application Support/Titanium/mobilesdk/osx/1.8.0customtab/android/titanium.jar => org/apache/Commons-NOTICE.txt
[DEBUG] from JAR /Library/Application Support/Titanium/mobilesdk/osx/1.8.0customtab/android/titanium.jar => org/apache/HttpComponents-NOTICE.txt
[DEBUG] from JAR /Library/Application Support/Titanium/mobilesdk/osx/1.8.0customtab/android/titanium.jar => org/apache/mime4j-NOTICE.txt
[DEBUG] from JAR /Library/Application Support/Titanium/mobilesdk/osx/1.8.0customtab/android/titanium.jar => org/appcelerator/titanium/build.properties
[DEBUG] from JAR /Library/Application Support/Titanium/mobilesdk/osx/1.8.0customtab/android/titanium.jar => org/appcelerator/titanium/res/drawable/background.png
[DEBUG] from JAR /Library/Application Support/Titanium/mobilesdk/osx/1.8.0customtab/android/titanium.jar => org/appcelerator/titanium/res/drawable/btn_check_buttonless_on.png
[DEBUG] from JAR /Library/Application Support/Titanium/mobilesdk/osx/1.8.0customtab/android/titanium.jar => org/appcelerator/titanium/res/drawable/btn_check_buttonless_on_18.png
[DEBUG] from JAR /Library/Application Support/Titanium/mobilesdk/osx/1.8.0customtab/android/titanium.jar => org/appcelerator/titanium/res/drawable/btn_check_buttonless_on_48.png
[DEBUG] from JAR /Library/Application Support/Titanium/mobilesdk/osx/1.8.0customtab/android/titanium.jar => org/appcelerator/titanium/res/drawable/btn_more.png
[DEBUG] from JAR /Library/Application Support/Titanium/mobilesdk/osx/1.8.0customtab/android/titanium.jar => org/appcelerator/titanium/res/drawable/btn_more_18.png
[DEBUG] from JAR /Library/Application Support/Titanium/mobilesdk/osx/1.8.0customtab/android/titanium.jar => org/appcelerator/titanium/res/drawable/btn_more_48.png
[DEBUG] from JAR /Library/Application Support/Titanium/mobilesdk/osx/1.8.0customtab/android/titanium.jar => org/appcelerator/titanium/res/drawable/btn_picker_normal.9.png
[DEBUG] from JAR /Library/Application Support/Titanium/mobilesdk/osx/1.8.0customtab/android/titanium.jar => org/appcelerator/titanium/res/drawable/btn_picker_pressed.9.png
[DEBUG] from JAR /Library/Application Support/Titanium/mobilesdk/osx/1.8.0customtab/android/titanium.jar => org/appcelerator/titanium/res/drawable/btn_picker_selected.9.png
[DEBUG] from JAR /Library/Application Support/Titanium/mobilesdk/osx/1.8.0customtab/android/titanium.jar => org/appcelerator/titanium/res/drawable/default_icon.png
[DEBUG] from JAR /Library/Application Support/Titanium/mobilesdk/osx/1.8.0customtab/android/titanium.jar => org/appcelerator/titanium/res/drawable/photoDefault.png
[DEBUG] Waiting for device to be ready ...
[TRACE] adb devices returned 1 devices/emulators
[DEBUG] Device connected... (waited 0 seconds)
[DEBUG] waited 0.012903 seconds on emulator to get ready
[INFO] Installing application on device
[INFO] Launching application ... CascadeXmas
[TRACE] Launch output: Starting: Intent { act=android.intent.action.MAIN cat=[android.intent.category.LAUNCHER] cmp=com.cascadechristmas.app/.CascadexmasActivity }

[INFO] Deployed CascadeXmas ... Application should be running.
[ERROR] Failed installing com.cascadechristmas.app: 	pkg: /data/local/tmp/app.apk
Failure [INSTALL_FAILED_INSUFFICIENT_STORAGE]
rm failed for /data/local/tmp/app.apk, No such file or directory

